12-03-2022 08:45:20 | 14936 | email@isimic.com | soulmate-12 | 292 Hours ago | Order Canceled | Log Updated | Stop Event Sent
12-03-2022 08:45:21 | 14937 | email@isimic.com | soulmate-12 | 292 Hours ago | Order Canceled | Log Updated | Stop Event Sent
12-03-2022 08:45:22 | 14938 | email@isimic.com | soulmate-12 | 292 Hours ago | Order Canceled | Log Updated | Stop Event Sent
12-03-2022 08:45:23 | 14939 | email@isimic.com | soulmate-12 | 292 Hours ago | Order Canceled | Log Updated | Stop Event Sent
12-03-2022 08:45:24 | 14940 | email@isimic.com | soulmate-12 | 292 Hours ago | Order Canceled | Log Updated | Stop Event Sent
12-03-2022 08:45:25 | 14941 | email@isimic.com | soulmate-12 | 292 Hours ago | Order Canceled | Log Updated | Stop Event Sent
12-03-2022 08:45:26 | 14942 | email@isimic.com | soulmate-12 | 292 Hours ago | Order Canceled | Log Updated | Stop Event Sent
12-03-2022 08:45:27 | 14943 | email@isimic.com | soulmate-12 | 292 Hours ago | Order Canceled | Log Updated | Stop Event Sent
12-03-2022 08:45:28 | 14944 | email@isimic.com | soulmate-12 | 292 Hours ago | Order Canceled | Log Updated | Stop Event Sent
12-03-2022 08:45:29 | 14945 | email@isimic.com | soulmate-12 | 292 Hours ago | Order Canceled | Log Updated | Stop Event Sent
12-03-2022 08:45:30 | 14946 | email@isimic.com | soulmate-12 | 292 Hours ago | Order Canceled | Log Updated | Stop Event Sent
12-03-2022 08:45:31 | 14947 | email@isimic.com | soulmate-12 | 292 Hours ago | Order Canceled | Log Updated | Stop Event Sent
12-03-2022 08:45:32 | 14948 | email@isimic.com | soulmate-12 | 292 Hours ago | Order Canceled | Log Updated | Stop Event Sent
12-03-2022 08:45:33 | 14949 | email@isimic.com | soulmate-12 | 292 Hours ago | Order Canceled | Log Updated | Stop Event Sent
12-03-2022 08:45:34 | 14950 | email@isimic.com | soulmate-12 | 292 Hours ago | Order Canceled | Log Updated | Stop Event Sent
12-03-2022 08:45:35 | 14951 | email@isimic.com | soulmate-12 | 292 Hours ago | Order Canceled | Log Updated | Stop Event Sent
12-03-2022 08:45:37 | 14952 | email@isimic.com | soulmate-12 | 292 Hours ago | Order Canceled | Log Updated | Stop Event Sent
12-03-2022 08:45:38 | 14953 | email@isimic.com | soulmate-12 | 292 Hours ago | Order Canceled | Log Updated | Stop Event Sent
12-03-2022 08:45:39 | 14954 | email@isimic.com | soulmate-12 | 292 Hours ago | Order Canceled | Log Updated | Stop Event Sent
12-03-2022 08:45:40 | 14955 | email@isimic.com | soulmate-12 | 292 Hours ago | Order Canceled | Log Updated | Stop Event Sent
12-03-2022 08:45:41 | 14956 | email@isimic.com | soulmate-12 | 292 Hours ago | Order Canceled | Log Updated | Stop Event Sent
12-03-2022 08:45:42 | 14957 | email@isimic.com | soulmate-12 | 292 Hours ago | Order Canceled | Log Updated | Stop Event Sent
12-03-2022 08:45:43 | 14958 | email@isimic.com | soulmate-12 | 292 Hours ago | Order Canceled | Log Updated | Stop Event Sent
12-03-2022 09:12:31 | 14953 | email@isimic.com | soulmate-12 | 292 Hours ago | Order Canceled | Log Updated | Notification Success | Stop Event Sent
12-03-2022 09:12:32 | 14954 | email@isimic.com | soulmate-12 | 292 Hours ago | Order Canceled | Log Updated | Notification Success | Stop Event Sent
12-03-2022 09:12:33 | 14955 | email@isimic.com | soulmate-12 | 292 Hours ago | Order Canceled | Log Updated | Notification Success | Stop Event Sent
12-03-2022 09:12:34 | 14956 | email@isimic.com | soulmate-12 | 292 Hours ago | Order Canceled | Log Updated | Notification Success | Stop Event Sent
12-03-2022 09:12:35 | 14957 | email@isimic.com | soulmate-12 | 292 Hours ago | Order Canceled | Log Updated | Notification Success | Stop Event Sent
12-03-2022 09:12:36 | 14958 | email@isimic.com | soulmate-12 | 292 Hours ago | Order Canceled | Log Updated | Notification Success | Stop Event Sent
12-03-2022 09:13:32 | 14953 | email@isimic.com | soulmate-12 | 292 Hours ago | Order Canceled | Log Updated | Notification Success | Stop Event Sent
12-03-2022 09:13:33 | 14954 | email@isimic.com | soulmate-12 | 292 Hours ago | Order Canceled | Log Updated | Notification Success | Stop Event Sent
12-03-2022 09:13:34 | 14955 | email@isimic.com | soulmate-12 | 292 Hours ago | Order Canceled | Log Updated | Notification Success | Stop Event Sent
12-03-2022 09:13:35 | 14956 | email@isimic.com | soulmate-12 | 292 Hours ago | Order Canceled | Log Updated | Notification Success | Stop Event Sent
12-03-2022 09:13:36 | 14957 | email@isimic.com | soulmate-12 | 292 Hours ago | Order Canceled | Log Updated | Notification Success | Stop Event Sent
12-03-2022 20:02:32 | 14960 | email@isimic.com | soulmate-12 | 7 Hours ago | Order Canceled | Log Updated | Notification Success | Stop Event Sent
12-03-2022 20:02:33 | 14961 | email@isimic.com | soulmate-12 | 7 Hours ago | Order Canceled | Log Updated | Notification Success | Stop Event Sent
12-03-2022 20:02:34 | 14962 | email@isimic.com | soulmate-48 | 5 Hours ago | Order Canceled | Log Updated | Notification Success | Stop Event Sent
01-07-2022 00:17:08 | 20567 | buckeyejen82@yahoo.com | soulmate-48 | 1544 Hours ago | Order Canceled | Log Updated | Notification Success | Stop Event Sent
01-07-2022 00:17:09 | 20570 | shveta1478@gmail.com | soulmate-48 | 1543 Hours ago | Order Canceled | Log Updated | Notification Success | Stop Event Sent
01-07-2022 00:17:09 | 20571 | shveta1478@gmail.com | soulmate-48 | 1543 Hours ago | Order Canceled | Log Updated | Notification Success | Stop Event Sent
01-07-2022 00:17:10 | 20572 | prajjwalrathore054@gmail.com | soulmate-48 | 1543 Hours ago | Order Canceled | Log Updated | Notification Success | Stop Event Sent
01-07-2022 00:17:10 | 20574 | miraramo85@gmail.com | soulmate-48 | 1543 Hours ago | Order Canceled | Log Updated | Notification Success | Stop Event Sent
01-07-2022 00:17:11 | 20575 | maureen6554@aol.com | soulmate-48 | 1542 Hours ago | Order Canceled | Log Updated | Notification Success | Stop Event Sent
01-07-2022 00:17:11 | 20577 | olidayinn@gmail.com | soulmate-48 | 1542 Hours ago | Order Canceled | Log Updated | Notification Success | Stop Event Sent
01-07-2022 00:17:12 | 20579 | ivan.simic2903@gmail.com | soulmate-48 | 176 Hours ago | Order Canceled | Log Updated | Notification Success | Stop Event Sent
01-07-2022 00:17:13 | 20580 | ivan.simic2903@gmail.com | soulmate-48 | 176 Hours ago | Order Canceled | Log Updated | Notification Success | Stop Event Sent
01-07-2022 00:17:13 | 20584 | ivan.simic2903@gmail.com | soulmate-12 | 175 Hours ago | Order Canceled | Log Updated | Notification Success | Stop Event Sent
