27-02-2022 03:06:08 | 468 | general love career health-24 | 15 | Waiting | Text ID: 1 | Text ID: 4 | Text ID: 17 | Text ID: 31 | Reading Added! (No Drawing) | Status changed to Completed! | Orders Log Added | Data send to zapier
27-02-2022 03:06:09 | 469 | future-baby-24 | 15 | Waiting | Image ID: 6 | Text ID: 191 | Drawing & Reading Added! | Status changed to Completed! | Orders Log Added | Data send to zapier
27-02-2022 03:07:16 | 467 | soulmate-48 | 15 | Waiting | Image ID: 37 | Text ID: 79 | Drawing & Reading Added! | Status changed to Completed! | Orders Log Added | Data send to zapier
27-02-2022 03:07:17 | 468 | general love career health-24 | 15 | Waiting | Text ID: 1 | Text ID: 4 | Text ID: 17 | Text ID: 28 | Reading Added! (No Drawing) | Status changed to Completed! | Orders Log Added | Data send to zapier
27-02-2022 03:07:18 | 469 | future-baby-24 | 15 | Waiting | Image ID: 3 | Text ID: 191 | Drawing & Reading Added! | Status changed to Completed! | Orders Log Added | Data send to zapier
27-02-2022 03:11:19 | 467 | soulmate-48 | 15 | Waiting | Image ID: 153 | Text ID: 56 | Drawing & Reading Added! | Status changed to Completed! | Orders Log Added | Data send to zapier
27-02-2022 03:11:20 | 468 | general love career health-24 | 15 | Waiting | Text ID: 3 | Text ID: 6 | Text ID: 12 | Text ID: 44 | Reading Added! (No Drawing) | Status changed to Completed! | Orders Log Added | Data send to zapier
27-02-2022 03:11:20 | 469 | future-baby-24 | 15 | Waiting | Image ID: 1 | Text ID: 190 | Drawing & Reading Added! | Status changed to Completed! | Orders Log Added
27-02-2022 03:13:55 | 467 | soulmate-48 | 15 | Waiting | Image ID: 183 | Text ID: 108 | Drawing & Reading Added! | Status changed to Completed! | Orders Log Added | Data send to zapier
27-02-2022 05:18:59 | 467 | soulmate-48 | 17 | Waiting | Image ID: 151 | Text ID: 80 | Drawing & Reading Added! | Status changed to Completed! | Orders Log Added | Data sent to zapier
27-02-2022 05:20:33 | 467 | soulmate-48 | 17 | Waiting | Image ID: 183 | Text ID: 111 | Drawing & Reading Added! | Status changed to Completed! | Orders Log Added | Data sent to zapier
27-02-2022 05:21:17 | 467 | soulmate-48 | 17 | Waiting | Image ID: 159 | Text ID: 85 | Drawing & Reading Added! | Status changed to Completed! | Orders Log Added | Data sent to zapier
27-02-2022 17:01:38 | 14928 | soulmate-12 | 1 | Waiting | Image ID: 153 | Text ID: 101 | Drawing & Reading Added! | Status changed to Completed! | Orders Log Added | Data sent to zapier
27-02-2022 17:09:03 | 14928 | soulmate-12 | 1 | Waiting | Image ID: 164 | Text ID: 112 | Drawing & Reading Added! | Status changed to Completed! | Orders Log Added | Data sent to zapier
27-02-2022 17:09:58 | 14928 | soulmate-12 | 1 | Waiting | Image ID: 153 | Text ID: 67 | Drawing & Reading Added! | Status changed to Completed! | Orders Log Added | Data sent to zapier
12-03-2022 08:45:18 | 14929 | soulmate-48 | 299 | Active | Image ID: 159 | Text ID: 110 | Drawing & Reading Added! | Status changed to Completed! | Orders Log Added | Data sent to zapier
12-03-2022 08:45:18 | 14934 | general love career health-24 | 299 | Active | Text ID: 1 | Text ID: 6 | Text ID: 19 | Text ID: 29 | Reading Added! (No Drawing) | Status changed to Completed! | Orders Log Added | Data sent to zapier
12-03-2022 08:45:19 | 14935 | future-baby-24 | 299 | Active | Image ID: 2 | Text ID: 190 | Drawing & Reading Added! | Status changed to Completed! | Orders Log Added | Data sent to zapier
12-03-2022 08:45:19 | 14959 | soulmate-48 | 160 | Active | Image ID: 177 | Text ID: 107 | Drawing & Reading Added! | Status changed to Completed! | Orders Log Added | Data sent to zapier
12-03-2022 09:13:32 | 14958 | soulmate-12 | 292 | Active | Image ID: 27 | Text ID: 50 | Drawing & Reading Added! | Status changed to Completed! | Orders Log Added | Insert Notification Success | Data sent to zapier
12-03-2022 20:02:32 | 14963 | soulmate-12 | 1 | Waiting | Image ID: 153 | Text ID: 76 | Drawing & Reading Added! | Status changed to Completed! | Orders Log Added | Insert Notification Success | Data sent to zapier
12-03-2022 20:02:32 | 14964 | soulmate-12 | 1 | Waiting | Image ID: 37 | Text ID: 86 | Drawing & Reading Added! | Status changed to Completed! | Orders Log Added | Insert Notification Success | Data sent to zapier
01-07-2022 00:16:49 | 20208 | soulmate-48 | 1585 | Active | Image ID: 505 | Text ID: 130 | Drawing & Reading Added! | Status changed to Completed! | Orders Log Added | Insert Notification Success | Data sent to zapier
01-07-2022 00:16:50 | 20209 | soulmate-48 | 1584 | Active | Image ID: 505 | Text ID: 122 | Drawing & Reading Added! | Status changed to Completed! | Orders Log Added | Insert Notification Success | Data sent to zapier
01-07-2022 00:16:50 | 20223 | soulmate-48 | 1583 | Active | Image ID: 465 | Text ID: 174 | Drawing & Reading Added! | Status changed to Completed! | Orders Log Added | Insert Notification Success | Data sent to zapier
01-07-2022 00:16:50 | 20238 | soulmate-48 | 1581 | Active | Image ID: 457 | Text ID: 160 | Drawing & Reading Added! | Status changed to Completed! | Orders Log Added | Insert Notification Success | Data sent to zapier
01-07-2022 00:16:50 | 20239 | soulmate-48 | 1581 | Active | Image ID: 340 | Text ID: 158 | Drawing & Reading Added! | Status changed to Completed! | Orders Log Added | Insert Notification Success | Data sent to zapier
01-07-2022 00:16:51 | 20240 | soulmate-48 | 1581 | Active | Image ID: 187 | Text ID: 121 | Drawing & Reading Added! | Status changed to Completed! | Orders Log Added | Insert Notification Success | Data sent to zapier
01-07-2022 00:16:51 | 20241 | soulmate-48 | 1581 | Active | Image ID: 475 | Text ID: 144 | Drawing & Reading Added! | Status changed to Completed! | Orders Log Added | Insert Notification Success | Data sent to zapier
01-07-2022 00:16:52 | 20262 | soulmate-48 | 1578 | Active | Image ID: 301 | Text ID: 75 | Drawing & Reading Added! | Status changed to Completed! | Orders Log Added | Insert Notification Success | Data sent to zapier
01-07-2022 00:16:52 | 20264 | soulmate-48 | 1578 | Active | Image ID: 240 | Text ID: 146 | Drawing & Reading Added! | Status changed to Completed! | Orders Log Added | Insert Notification Success | Data sent to zapier
01-07-2022 00:16:52 | 20265 | soulmate-48 | 1577 | Active | Image ID: 309 | Text ID: 159 | Drawing & Reading Added! | Status changed to Completed! | Orders Log Added | Insert Notification Success | Data sent to zapier
01-07-2022 00:16:52 | 20282 | soulmate-48 | 1576 | Active | Image ID: 523 | Text ID: 179 | Drawing & Reading Added! | Status changed to Completed! | Orders Log Added | Insert Notification Success | Data sent to zapier
01-07-2022 00:16:53 | 20287 | soulmate-48 | 1574 | Active | Image ID: 159 | Text ID: 67 | Drawing & Reading Added! | Status changed to Completed! | Orders Log Added | Insert Notification Success | Data sent to zapier
01-07-2022 00:16:53 | 20316 | soulmate-48 | 1571 | Active | Image ID: 353 | Text ID: 139 | Drawing & Reading Added! | Status changed to Completed! | Orders Log Added | Insert Notification Success | Data sent to zapier
01-07-2022 00:16:53 | 20318 | soulmate-48 | 1571 | Active | Image ID: 519 | Text ID: 122 | Drawing & Reading Added! | Status changed to Completed! | Orders Log Added | Insert Notification Success | Data sent to zapier
01-07-2022 00:16:54 | 20323 | soulmate-48 | 1570 | Active | Image ID: 472 | Text ID: 169 | Drawing & Reading Added! | Status changed to Completed! | Orders Log Added | Insert Notification Success | Data sent to zapier
01-07-2022 00:16:54 | 20328 | soulmate-48 | 1569 | Active | Image ID: 85 | Text ID: 177 | Drawing & Reading Added! | Status changed to Completed! | Orders Log Added | Insert Notification Success | Data sent to zapier
01-07-2022 00:16:54 | 20333 | soulmate-48 | 1569 | Active | Image ID: 187 | Text ID: 164 | Drawing & Reading Added! | Status changed to Completed! | Orders Log Added | Insert Notification Success | Data sent to zapier
01-07-2022 00:16:55 | 20334 | soulmate-48 | 1569 | Active | Image ID: 396 | Text ID: 181 | Drawing & Reading Added! | Status changed to Completed! | Orders Log Added | Insert Notification Success | Data sent to zapier
01-07-2022 00:16:55 | 20341 | soulmate-48 | 1568 | Active | Image ID: 444 | Text ID: 138 | Drawing & Reading Added! | Status changed to Completed! | Orders Log Added | Insert Notification Success | Data sent to zapier
01-07-2022 00:16:55 | 20347 | soulmate-48 | 1568 | Active | Image ID: 419 | Text ID: 172 | Drawing & Reading Added! | Status changed to Completed! | Orders Log Added | Insert Notification Success | Data sent to zapier
01-07-2022 00:16:56 | 20352 | soulmate-48 | 1567 | Active | Image ID: 264 | Text ID: 147 | Drawing & Reading Added! | Status changed to Completed! | Orders Log Added | Insert Notification Success | Data sent to zapier
01-07-2022 00:16:56 | 20362 | soulmate-48 | 1567 | Active | Image ID: 322 | Text ID: 123 | Drawing & Reading Added! | Status changed to Completed! | Orders Log Added | Insert Notification Success | Data sent to zapier
01-07-2022 00:16:56 | 20363 | soulmate-48 | 1567 | Active | Image ID: 259 | Text ID: 179 | Drawing & Reading Added! | Status changed to Completed! | Orders Log Added | Insert Notification Success | Data sent to zapier
01-07-2022 00:16:56 | 20364 | soulmate-48 | 1566 | Active | Image ID: 505 | Text ID: 162 | Drawing & Reading Added! | Status changed to Completed! | Orders Log Added | Insert Notification Success | Data sent to zapier
01-07-2022 00:16:56 | 20367 | soulmate-48 | 1566 | Active | Image ID: 388 | Text ID: 174 | Drawing & Reading Added! | Status changed to Completed! | Orders Log Added | Insert Notification Success | Data sent to zapier
01-07-2022 00:16:57 | 20380 | soulmate-48 | 1566 | Active | Image ID: 195 | Text ID: 161 | Drawing & Reading Added! | Status changed to Completed! | Orders Log Added | Insert Notification Success | Data sent to zapier
01-07-2022 00:16:57 | 20382 | soulmate-48 | 1565 | Active | Image ID: 319 | Text ID: 151 | Drawing & Reading Added! | Status changed to Completed! | Orders Log Added | Insert Notification Success | Data sent to zapier
01-07-2022 00:16:57 | 20384 | soulmate-48 | 1565 | Active | Image ID: 409 | Text ID: 156 | Drawing & Reading Added! | Status changed to Completed! | Orders Log Added | Insert Notification Success | Data sent to zapier
01-07-2022 00:16:58 | 20385 | soulmate-48 | 1565 | Active | Image ID: 240 | Text ID: 155 | Drawing & Reading Added! | Status changed to Completed! | Orders Log Added | Insert Notification Success | Data sent to zapier
01-07-2022 00:16:58 | 20402 | 3-48 | 1564 | Active | Image ID: 230 | Text ID: 170 | Drawing & Reading Added! | Status changed to Completed! | Orders Log Added | Insert Notification Success | Data sent to zapier
01-07-2022 00:16:58 | 20403 | soulmate-48 | 1563 | Active | Image ID: 323 | Text ID: 172 | Drawing & Reading Added! | Status changed to Completed! | Orders Log Added | Insert Notification Success | Data sent to zapier
01-07-2022 00:16:58 | 20416 | soulmate-48 | 1562 | Active | Image ID: 332 | Text ID: 120 | Drawing & Reading Added! | Status changed to Completed! | Orders Log Added | Insert Notification Success | Data sent to zapier
01-07-2022 00:16:59 | 20427 | soulmate-48 | 1562 | Active | Image ID: 299 | Text ID: 103 | Drawing & Reading Added! | Status changed to Completed! | Orders Log Added | Insert Notification Success | Data sent to zapier
01-07-2022 00:16:59 | 20429 | soulmate-48 | 1561 | Active | Image ID: 420 | Text ID: 156 | Drawing & Reading Added! | Status changed to Completed! | Orders Log Added | Insert Notification Success | Data sent to zapier
01-07-2022 00:16:59 | 20431 | soulmate-48 | 1560 | Active | Image ID: 125 | Text ID: 133 | Drawing & Reading Added! | Status changed to Completed! | Orders Log Added | Insert Notification Success | Data sent to zapier
01-07-2022 00:16:59 | 20434 | soulmate-48 | 1560 | Active | Image ID: 294 | Text ID: 58 | Drawing & Reading Added! | Status changed to Completed! | Orders Log Added | Insert Notification Success | Data sent to zapier
01-07-2022 00:17:00 | 20435 | soulmate-48 | 1560 | Active | Image ID: 453 | Text ID: 160 | Drawing & Reading Added! | Status changed to Completed! | Orders Log Added | Insert Notification Success | Data sent to zapier
01-07-2022 00:17:00 | 20440 | soulmate-48 | 1559 | Active | Image ID: 286 | Text ID: 83 | Drawing & Reading Added! | Status changed to Completed! | Orders Log Added | Insert Notification Success | Data sent to zapier
01-07-2022 00:17:00 | 20441 | soulmate-48 | 1559 | Active | Image ID: 508 | Text ID: 172 | Drawing & Reading Added! | Status changed to Completed! | Orders Log Added | Insert Notification Success | Data sent to zapier
01-07-2022 00:17:00 | 20442 | soulmate-48 | 1559 | Active | Image ID: 328 | Text ID: 129 | Drawing & Reading Added! | Status changed to Completed! | Orders Log Added | Insert Notification Success | Data sent to zapier
01-07-2022 00:17:00 | 20443 | soulmate-48 | 1559 | Active | Image ID: 500 | Text ID: 99 | Drawing & Reading Added! | Status changed to Completed! | Orders Log Added | Insert Notification Success | Data sent to zapier
01-07-2022 00:17:01 | 20444 | soulmate-48 | 1559 | Active | Image ID: 265 | Text ID: 120 | Drawing & Reading Added! | Status changed to Completed! | Orders Log Added | Insert Notification Success | Data sent to zapier
01-07-2022 00:17:01 | 20448 |  love  -24 | 1559 | Active | Text ID: 4 | Reading Added! (No Drawing) | Status changed to Completed! | Orders Log Added | Insert Notification Success | Data sent to zapier
01-07-2022 00:17:01 | 20450 | soulmate-48 | 1558 | Active | Image ID: 131 | Text ID: 150 | Drawing & Reading Added! | Status changed to Completed! | Orders Log Added | Insert Notification Success | Data sent to zapier
01-07-2022 00:17:01 | 20451 | soulmate-48 | 1558 | Active | Image ID: 392 | Text ID: 115 | Drawing & Reading Added! | Status changed to Completed! | Orders Log Added | Insert Notification Success | Data sent to zapier
01-07-2022 00:17:01 | 20453 | soulmate-48 | 1557 | Active | Image ID: 325 | Text ID: 146 | Drawing & Reading Added! | Status changed to Completed! | Orders Log Added | Insert Notification Success | Data sent to zapier
01-07-2022 00:17:02 | 20458 | soulmate-48 | 1556 | Active | Image ID: 388 | Text ID: 155 | Drawing & Reading Added! | Status changed to Completed! | Orders Log Added | Insert Notification Success | Data sent to zapier
01-07-2022 00:17:02 | 20459 | general   -24 | 1556 | Active | Text ID: 3 | Reading Added! (No Drawing) | Status changed to Completed! | Orders Log Added | Insert Notification Success | Data sent to zapier
01-07-2022 00:17:02 | 20460 | soulmate-48 | 1555 | Active | Image ID: 531 | Text ID: 169 | Drawing & Reading Added! | Status changed to Completed! | Orders Log Added | Insert Notification Success | Data sent to zapier
01-07-2022 00:17:03 | 20464 | soulmate-48 | 1554 | Active | Image ID: 486 | Text ID: 131 | Drawing & Reading Added! | Status changed to Completed! | Orders Log Added | Insert Notification Success | Data sent to zapier
01-07-2022 00:17:03 | 20467 | soulmate-48 | 1553 | Active | Image ID: 333 | Text ID: 114 | Drawing & Reading Added! | Status changed to Completed! | Orders Log Added | Insert Notification Success | Data sent to zapier
01-07-2022 00:17:03 | 20469 | soulmate-48 | 1553 | Active | Image ID: 280 | Text ID: 172 | Drawing & Reading Added! | Status changed to Completed! | Orders Log Added | Insert Notification Success | Data sent to zapier
01-07-2022 00:17:03 | 20473 | soulmate-24 | 1551 | Active | Image ID: 322 | Text ID: 140 | Drawing & Reading Added! | Status changed to Completed! | Orders Log Added | Insert Notification Success | Data sent to zapier
01-07-2022 00:17:03 | 20474 | general love career -24 | 1551 | Active | Text ID: 3 | Text ID: 5 | Text ID: 8 | Reading Added! (No Drawing) | Status changed to Completed! | Orders Log Added | Insert Notification Success | Data sent to zapier
01-07-2022 00:17:04 | 20475 | soulmate-24 | 1551 | Active | Image ID: 407 | Text ID: 162 | Drawing & Reading Added! | Status changed to Completed! | Orders Log Added | Insert Notification Success | Data sent to zapier
01-07-2022 00:17:04 | 20477 | general   -24 | 1551 | Active | Text ID: 1 | Reading Added! (No Drawing) | Status changed to Completed! | Orders Log Added | Insert Notification Success | Data sent to zapier
01-07-2022 00:17:04 | 20504 | soulmate-48 | 1548 | Active | Image ID: 178 | Text ID: 60 | Drawing & Reading Added! | Status changed to Completed! | Orders Log Added | Insert Notification Success | Data sent to zapier
01-07-2022 00:17:04 | 20512 | soulmate-48 | 1547 | Active | Image ID: 319 | Text ID: 153 | Drawing & Reading Added! | Status changed to Completed! | Orders Log Added | Insert Notification Success | Data sent to zapier
01-07-2022 00:17:04 | 20513 | soulmate-48 | 1547 | Active | Image ID: 406 | Text ID: 153 | Drawing & Reading Added! | Status changed to Completed! | Orders Log Added | Insert Notification Success | Data sent to zapier
01-07-2022 00:17:05 | 20518 | soulmate-48 | 1547 | Active | Image ID: 348 | Text ID: 161 | Drawing & Reading Added! | Status changed to Completed! | Orders Log Added | Insert Notification Success | Data sent to zapier
01-07-2022 00:17:05 | 20520 | soulmate-48 | 1547 | Active | Image ID: 380 | Text ID: 141 | Drawing & Reading Added! | Status changed to Completed! | Orders Log Added | Insert Notification Success | Data sent to zapier
01-07-2022 00:17:05 | 20521 | soulmate-48 | 1546 | Active | Image ID: 530 | Text ID: 177 | Drawing & Reading Added! | Status changed to Completed! | Orders Log Added | Insert Notification Success | Data sent to zapier
01-07-2022 00:17:05 | 20528 | soulmate-12 | 1546 | Active | Image ID: 298 | Text ID: 51 | Drawing & Reading Added! | Status changed to Completed! | Orders Log Added | Insert Notification Success | Data sent to zapier
01-07-2022 00:17:06 | 20532 | soulmate-48 | 1546 | Active | Image ID: 498 | Text ID: 80 | Drawing & Reading Added! | Status changed to Completed! | Orders Log Added | Insert Notification Success | Data sent to zapier
01-07-2022 00:17:06 | 20544 | soulmate-48 | 1545 | Active | Image ID: 333 | Text ID: 161 | Drawing & Reading Added! | Status changed to Completed! | Orders Log Added | Insert Notification Success | Data sent to zapier
01-07-2022 00:17:06 | 20545 | soulmate-48 | 1545 | Active | Image ID: 432 | Text ID: 170 | Drawing & Reading Added! | Status changed to Completed! | Orders Log Added | Insert Notification Success | Data sent to zapier
01-07-2022 00:17:06 | 20550 | general   -24 | 1545 | Active | Text ID: 3 | Reading Added! (No Drawing) | Status changed to Completed! | Orders Log Added | Insert Notification Success | Data sent to zapier
01-07-2022 00:17:06 | 20551 | general   -24 | 1545 | Active | Text ID: 1 | Reading Added! (No Drawing) | Status changed to Completed! | Orders Log Added | Insert Notification Success | Data sent to zapier
01-07-2022 00:17:07 | 20552 | soulmate-48 | 1545 | Active | Image ID: 340 | Text ID: 120 | Drawing & Reading Added! | Status changed to Completed! | Orders Log Added | Insert Notification Success | Data sent to zapier
01-07-2022 00:17:07 | 20555 | soulmate-48 | 1544 | Active | Image ID: 444 | Text ID: 161 | Drawing & Reading Added! | Status changed to Completed! | Orders Log Added | Insert Notification Success | Data sent to zapier
01-07-2022 00:17:07 | 20560 | general love career -24 | 1544 | Active | Text ID: 3 | Text ID: 5 | Text ID: 26 | Reading Added! (No Drawing) | Status changed to Completed! | Orders Log Added | Insert Notification Success | Data sent to zapier
01-07-2022 00:17:07 | 20573 | soulmate-48 | 1543 | Active | Image ID: 313 | Text ID: 162 | Drawing & Reading Added! | Status changed to Completed! | Orders Log Added | Insert Notification Success | Data sent to zapier
01-07-2022 00:17:07 | 20576 | soulmate-48 | 1542 | Active | Image ID: 291 | Text ID: 88 | Drawing & Reading Added! | Status changed to Completed! | Orders Log Added | Insert Notification Success | Data sent to zapier
01-07-2022 00:17:08 | 20585 | soulmate-12 | 175 | Active | Initials:  | Place:  | Image ID: 148 | Text ID: 86 | Drawing & Reading Added! | Status changed to Completed! | Orders Log Added | Insert Notification Success | Data sent to zapier
01-07-2022 00:17:49 | 20585 | soulmate-12 | 175 | Active | Initials: DC | Place: in a club while on vacation | Image ID: 183 | Text ID: 80 | Drawing & Reading Added! | Status changed to Completed! | Orders Log Added | Insert Notification Success | Data sent to zapier
01-07-2022 00:18:33 | 20585 | soulmate-12 | 175 | Active | Initials: JB | Place: your local coffee shop | Image ID: 167 | Text ID: 95 | Drawing & Reading Added! | Status changed to Completed! | Orders Log Added | Insert Notification Success | Data sent to zapier
