[09-Feb-2022 00:01:37 UTC] PHP Fatal error:  Uncaught Error: mysqli object is already closed in C:\laragon\www\PA\templates\shop\productV1.php:247
Stack trace:
#0 C:\laragon\www\PA\templates\shop\productV1.php(247): mysqli->query('SELECT * FROM f...')
#1 C:\laragon\www\PA\pages\shop\soulmate.php(3): require_once('C:\\laragon\\www\\...')
#2 C:\laragon\www\PA\index.php(10): include('C:\\laragon\\www\\...')
#3 {main}
  thrown in C:\laragon\www\PA\templates\shop\productV1.php on line 247
[09-Feb-2022 01:52:58 UTC] PHP Fatal error:  Uncaught TypeError: Unsupported operand types: string * int in C:\laragon\www\PA\templates\shop\productV1.php:116
Stack trace:
#0 C:\laragon\www\PA\pages\shop\soulmate.php(3): require_once()
#1 C:\laragon\www\PA\index.php(10): include('C:\\laragon\\www\\...')
#2 {main}
  thrown in C:\laragon\www\PA\templates\shop\productV1.php on line 116
[09-Feb-2022 01:53:10 UTC] PHP Fatal error:  Uncaught TypeError: Unsupported operand types: string * int in C:\laragon\www\PA\templates\shop\productV1.php:115
Stack trace:
#0 C:\laragon\www\PA\pages\shop\soulmate.php(3): require_once()
#1 C:\laragon\www\PA\index.php(10): include('C:\\laragon\\www\\...')
#2 {main}
  thrown in C:\laragon\www\PA\templates\shop\productV1.php on line 115
[09-Feb-2022 01:53:10 UTC] PHP Fatal error:  Uncaught TypeError: Unsupported operand types: string * int in C:\laragon\www\PA\templates\shop\productV1.php:115
Stack trace:
#0 C:\laragon\www\PA\pages\shop\soulmate.php(3): require_once()
#1 C:\laragon\www\PA\index.php(10): include('C:\\laragon\\www\\...')
#2 {main}
  thrown in C:\laragon\www\PA\templates\shop\productV1.php on line 115
[09-Feb-2022 01:53:11 UTC] PHP Fatal error:  Uncaught TypeError: Unsupported operand types: string * int in C:\laragon\www\PA\templates\shop\productV1.php:115
Stack trace:
#0 C:\laragon\www\PA\pages\shop\soulmate.php(3): require_once()
#1 C:\laragon\www\PA\index.php(10): include('C:\\laragon\\www\\...')
#2 {main}
  thrown in C:\laragon\www\PA\templates\shop\productV1.php on line 115
[09-Feb-2022 01:53:19 UTC] PHP Fatal error:  Uncaught TypeError: Unsupported operand types: string * int in C:\laragon\www\PA\templates\shop\productV1.php:115
Stack trace:
#0 C:\laragon\www\PA\pages\shop\soulmate.php(3): require_once()
#1 C:\laragon\www\PA\index.php(10): include('C:\\laragon\\www\\...')
#2 {main}
  thrown in C:\laragon\www\PA\templates\shop\productV1.php on line 115
[09-Feb-2022 01:53:20 UTC] PHP Fatal error:  Uncaught TypeError: Unsupported operand types: string * int in C:\laragon\www\PA\templates\shop\productV1.php:115
Stack trace:
#0 C:\laragon\www\PA\pages\shop\soulmate.php(3): require_once()
#1 C:\laragon\www\PA\index.php(10): include('C:\\laragon\\www\\...')
#2 {main}
  thrown in C:\laragon\www\PA\templates\shop\productV1.php on line 115
[09-Feb-2022 01:53:21 UTC] PHP Fatal error:  Uncaught TypeError: Unsupported operand types: string * int in C:\laragon\www\PA\templates\shop\productV1.php:115
Stack trace:
#0 C:\laragon\www\PA\pages\shop\soulmate.php(3): require_once()
#1 C:\laragon\www\PA\index.php(10): include('C:\\laragon\\www\\...')
#2 {main}
  thrown in C:\laragon\www\PA\templates\shop\productV1.php on line 115
[09-Feb-2022 01:53:43 UTC] PHP Fatal error:  Uncaught TypeError: Unsupported operand types: string * int in C:\laragon\www\PA\templates\shop\productV1.php:115
Stack trace:
#0 C:\laragon\www\PA\pages\shop\soulmate.php(3): require_once()
#1 C:\laragon\www\PA\index.php(10): include('C:\\laragon\\www\\...')
#2 {main}
  thrown in C:\laragon\www\PA\templates\shop\productV1.php on line 115
[09-Feb-2022 05:16:01 UTC] PHP Fatal error:  Uncaught mysqli_sql_exception: Incorrect integer value: '' for column 'buygoods_order_id' at row 1 in C:\laragon\www\PA\order\order.php:91
Stack trace:
#0 C:\laragon\www\PA\order\order.php(91): mysqli->query('INSERT INTO ord...')
#1 {main}
  thrown in C:\laragon\www\PA\order\order.php on line 91
[09-Feb-2022 12:02:46 UTC] PHP Fatal error:  Cannot redeclare time_ago() (previously declared in C:\laragon\www\PA\templates\config.php:31) in C:\laragon\www\PA\templates\config.php on line 31
[09-Feb-2022 12:05:12 UTC] PHP Fatal error:  Cannot redeclare formLog() (previously declared in C:\laragon\www\PA\templates\config.php:98) in C:\laragon\www\PA\templates\config.php on line 98
[09-Feb-2022 12:05:13 UTC] PHP Fatal error:  Cannot redeclare formLog() (previously declared in C:\laragon\www\PA\templates\config.php:98) in C:\laragon\www\PA\templates\config.php on line 98
[11-Feb-2022 21:18:16 UTC] PHP Fatal error:  Uncaught mysqli_sql_exception: No connection could be made because the target machine actively refused it in C:\laragon\www\PA\templates\config.php:203
Stack trace:
#0 C:\laragon\www\PA\templates\config.php(203): mysqli->__construct('localhost', 'root', '', 'pa')
#1 C:\laragon\www\PA\index.php(4): include_once('C:\\laragon\\www\\...')
#2 {main}
  thrown in C:\laragon\www\PA\templates\config.php on line 203
[12-Feb-2022 01:57:07 UTC] PHP Fatal error:  Uncaught TypeError: Cannot increment array in C:\laragon\www\PA\index.php:29
Stack trace:
#0 {main}
  thrown in C:\laragon\www\PA\index.php on line 29
[12-Feb-2022 01:57:09 UTC] PHP Fatal error:  Uncaught TypeError: Cannot increment array in C:\laragon\www\PA\index.php:29
Stack trace:
#0 {main}
  thrown in C:\laragon\www\PA\index.php on line 29
[12-Feb-2022 01:57:48 UTC] PHP Fatal error:  Uncaught TypeError: Cannot increment array in C:\laragon\www\PA\index.php:29
Stack trace:
#0 {main}
  thrown in C:\laragon\www\PA\index.php on line 29
[12-Feb-2022 02:00:54 UTC] PHP Fatal error:  Uncaught TypeError: Cannot increment array in C:\laragon\www\PA\index.php:29
Stack trace:
#0 {main}
  thrown in C:\laragon\www\PA\index.php on line 29
[12-Feb-2022 02:25:14 UTC] PHP Parse error:  Unclosed '{' on line 14 in C:\laragon\www\PA\templates\dashboard\orders.php on line 38
[12-Feb-2022 02:25:39 UTC] PHP Fatal error:  Uncaught Error: Call to a member function fetch_assoc() on null in C:\laragon\www\PA\templates\dashboard\orders.php:14
Stack trace:
#0 C:\laragon\www\PA\templates\dashboard\user.php(39): include()
#1 C:\laragon\www\PA\pages\dashboard.php(17): include('C:\\laragon\\www\\...')
#2 C:\laragon\www\PA\index.php(11): include('C:\\laragon\\www\\...')
#3 {main}
  thrown in C:\laragon\www\PA\templates\dashboard\orders.php on line 14
[12-Feb-2022 02:25:41 UTC] PHP Fatal error:  Uncaught Error: Call to a member function fetch_assoc() on null in C:\laragon\www\PA\templates\dashboard\orders.php:14
Stack trace:
#0 C:\laragon\www\PA\templates\dashboard\user.php(39): include()
#1 C:\laragon\www\PA\pages\dashboard.php(17): include('C:\\laragon\\www\\...')
#2 C:\laragon\www\PA\index.php(11): include('C:\\laragon\\www\\...')
#3 {main}
  thrown in C:\laragon\www\PA\templates\dashboard\orders.php on line 14
[12-Feb-2022 02:27:15 UTC] PHP Fatal error:  Uncaught Error: Call to a member function fetch_assoc() on null in C:\laragon\www\PA\templates\dashboard\orders.php:19
Stack trace:
#0 C:\laragon\www\PA\templates\dashboard\user.php(39): include()
#1 C:\laragon\www\PA\pages\dashboard.php(17): include('C:\\laragon\\www\\...')
#2 C:\laragon\www\PA\index.php(11): include('C:\\laragon\\www\\...')
#3 {main}
  thrown in C:\laragon\www\PA\templates\dashboard\orders.php on line 19
[12-Feb-2022 02:27:16 UTC] PHP Fatal error:  Uncaught Error: Call to a member function fetch_assoc() on null in C:\laragon\www\PA\templates\dashboard\orders.php:19
Stack trace:
#0 C:\laragon\www\PA\templates\dashboard\user.php(39): include()
#1 C:\laragon\www\PA\pages\dashboard.php(17): include('C:\\laragon\\www\\...')
#2 C:\laragon\www\PA\index.php(11): include('C:\\laragon\\www\\...')
#3 {main}
  thrown in C:\laragon\www\PA\templates\dashboard\orders.php on line 19
[12-Feb-2022 04:02:59 UTC] PHP Parse error:  syntax error, unexpected variable "$product" in C:\laragon\www\PA\templates\dashboard\orders.php on line 22
[12-Feb-2022 04:13:18 UTC] PHP Fatal error:  Uncaught TypeError: Cannot increment array in C:\laragon\www\PA\index.php:29
Stack trace:
#0 {main}
  thrown in C:\laragon\www\PA\index.php on line 29
[12-Feb-2022 04:13:20 UTC] PHP Fatal error:  Uncaught TypeError: Cannot increment array in C:\laragon\www\PA\index.php:29
Stack trace:
#0 {main}
  thrown in C:\laragon\www\PA\index.php on line 29
[12-Feb-2022 21:44:07 UTC] PHP Parse error:  Invalid body indentation level (expecting an indentation level of at least 4) in C:\laragon\www\PA\templates\dashboard\orders.php on line 106
[12-Feb-2022 21:44:10 UTC] PHP Parse error:  Invalid body indentation level (expecting an indentation level of at least 4) in C:\laragon\www\PA\templates\dashboard\orders.php on line 106
[12-Feb-2022 22:16:13 UTC] PHP Parse error:  syntax error, unexpected double-quoted string "><tr class='my-2 my-xl-0 mx-2 ...", expecting "," or ";" in C:\laragon\www\PA\templates\dashboard\orders.php on line 87
